#
# There is insufficient memory for the Java Runtime Environment to continue.
# Native memory allocation (malloc) failed to allocate 1170176 bytes for Chunk::new
# Possible reasons:
#   The system is out of physical RAM or swap space
#   In 32 bit mode, the process size limit was hit
# Possible solutions:
#   Reduce memory load on the system
#   Increase physical memory or swap space
#   Check if swap backing store is full
#   Use 64 bit Java on a 64 bit OS
#   Decrease Java heap size (-Xmx/-Xms)
#   Decrease number of Java threads
#   Decrease Java thread stack sizes (-Xss)
#   Set larger code cache with -XX:ReservedCodeCacheSize=
# This output file may be truncated or incomplete.
#
#  Out of Memory Error (allocation.cpp:390), pid=4820, tid=0x0000000000001910
#
# JRE version: Java(TM) SE Runtime Environment (8.0_171-b11) (build 1.8.0_171-b11)
# Java VM: Java HotSpot(TM) 64-Bit Server VM (25.171-b11 mixed mode windows-amd64 compressed oops)
# Failed to write core dump. Minidumps are not enabled by default on client versions of Windows
#

---------------  T H R E A D  ---------------

Current thread (0x0000000017aab800):  JavaThread "C2 CompilerThread2" daemon [_thread_in_native, id=6416, stack(0x00000000183a0000,0x00000000184a0000)]

Stack: [0x00000000183a0000,0x00000000184a0000]
[error occurred during error reporting (printing stack bounds), id 0xc0000005]

Native frames: (J=compiled Java code, j=interpreted, Vv=VM code, C=native code)


Current CompileTask:
C2:   7137 6792       4       org.gradle.model.internal.type.ModelType::wrap (219 bytes)


---------------  P R O C E S S  ---------------

Java Threads: ( => current thread )
  0x0000000018ec3800 JavaThread "Task worker for ':' Thread 7" [_thread_blocked, id=10352, stack(0x0000000024d00000,0x0000000024e00000)]
  0x0000000018ec5000 JavaThread "Task worker for ':' Thread 6" [_thread_blocked, id=6688, stack(0x0000000024c00000,0x0000000024d00000)]
  0x0000000020c24000 JavaThread "Task worker for ':' Thread 5" [_thread_blocked, id=2056, stack(0x0000000024b00000,0x0000000024c00000)]
  0x0000000020c22000 JavaThread "Task worker for ':' Thread 4" [_thread_blocked, id=11944, stack(0x0000000024a00000,0x0000000024b00000)]
  0x0000000020c23800 JavaThread "Task worker for ':' Thread 3" [_thread_in_vm, id=7968, stack(0x0000000024900000,0x0000000024a00000)]
  0x0000000020c21000 JavaThread "Task worker for ':' Thread 2" [_thread_blocked, id=13124, stack(0x0000000024800000,0x0000000024900000)]
  0x0000000020c25000 JavaThread "Task worker for ':'" [_thread_blocked, id=13104, stack(0x0000000024700000,0x0000000024800000)]
  0x0000000020c22800 JavaThread "Cache worker for Build Output Cleanup Cache (E:\SProject\project12\android\.gradle\buildOutputCleanup)" [_thread_blocked, id=7340, stack(0x0000000024370000,0x0000000024470000)]
  0x0000000020c26800 JavaThread "Cache worker for task history cache (E:\SProject\project12\android\.gradle\4.4\taskHistory)" [_thread_blocked, id=5348, stack(0x0000000024270000,0x0000000024370000)]
  0x0000000020c1b000 JavaThread "Cache worker for file content cache (E:\SProject\project12\android\.gradle\4.4\fileContent)" [_thread_blocked, id=11808, stack(0x00000000236b0000,0x00000000237b0000)]
  0x0000000020c1f000 JavaThread "Memory manager" [_thread_blocked, id=10268, stack(0x00000000223e0000,0x00000000224e0000)]
  0x0000000020c19800 JavaThread "build operations Thread 8" [_thread_blocked, id=3088, stack(0x0000000021ba0000,0x0000000021ca0000)]
  0x0000000020c1c000 JavaThread "build operations Thread 7" [_thread_blocked, id=8724, stack(0x0000000021aa0000,0x0000000021ba0000)]
  0x0000000020c1d800 JavaThread "build operations Thread 6" [_thread_blocked, id=12484, stack(0x00000000219a0000,0x0000000021aa0000)]
  0x0000000020c1f800 JavaThread "build operations Thread 5" [_thread_blocked, id=2140, stack(0x00000000218a0000,0x00000000219a0000)]
  0x0000000020c1a800 JavaThread "build operations Thread 4" [_thread_blocked, id=12012, stack(0x00000000217a0000,0x00000000218a0000)]
  0x0000000020c18000 JavaThread "build operations Thread 3" [_thread_blocked, id=8200, stack(0x00000000216a0000,0x00000000217a0000)]
  0x0000000020c17800 JavaThread "build operations Thread 2" [_thread_blocked, id=5408, stack(0x00000000215a0000,0x00000000216a0000)]
  0x0000000020c1e000 JavaThread "build operations" [_thread_blocked, id=12396, stack(0x00000000201e0000,0x00000000202e0000)]
  0x0000000020c1c800 JavaThread "Cache worker for Artifact transforms cache (C:\Users\heogo\.gradle\caches\transforms-1)" [_thread_blocked, id=13212, stack(0x000000001fe30000,0x000000001ff30000)]
  0x0000000017aa9000 JavaThread "Cache worker for file hash cache (E:\SProject\project12\android\.gradle\4.4\fileHashes)" [_thread_blocked, id=1360, stack(0x000000001c220000,0x000000001c320000)]
  0x0000000017aaa000 JavaThread "File lock request listener" [_thread_in_native, id=11804, stack(0x000000001b150000,0x000000001b250000)]
  0x0000000017aa7000 JavaThread "Cache worker for file hash cache (C:\Users\heogo\.gradle\caches\4.4\fileHashes)" [_thread_blocked, id=4360, stack(0x000000001b050000,0x000000001b150000)]
  0x0000000019905000 JavaThread "Stdin handler" [_thread_blocked, id=6564, stack(0x000000001ad50000,0x000000001ae50000)]
  0x0000000019a5d000 JavaThread "Asynchronous log dispatcher for DefaultDaemonConnection: socket connection from /127.0.0.1:10600 to /127.0.0.1:10601" [_thread_blocked, id=7616, stack(0x000000001ac50000,0x000000001ad50000)]
  0x0000000019906800 JavaThread "Daemon worker" [_thread_blocked, id=10932, stack(0x000000001aa50000,0x000000001ab50000)]
  0x00000000199eb800 JavaThread "Cancel handler" [_thread_blocked, id=12668, stack(0x000000001a950000,0x000000001aa50000)]
  0x0000000019a56000 JavaThread "Handler for socket connection from /127.0.0.1:10600 to /127.0.0.1:10601" [_thread_in_native, id=4856, stack(0x000000001a650000,0x000000001a750000)]
  0x0000000019a54800 JavaThread "Daemon" [_thread_blocked, id=8640, stack(0x000000001a550000,0x000000001a650000)]
  0x00000000198ab800 JavaThread "Daemon periodic checks" [_thread_blocked, id=12544, stack(0x000000001a450000,0x000000001a550000)]
  0x00000000197b3000 JavaThread "Incoming local TCP Connector on port 10600" [_thread_in_native, id=12648, stack(0x000000001a270000,0x000000001a370000)]
  0x000000001973d800 JavaThread "Daemon health stats" [_thread_blocked, id=12316, stack(0x000000001a170000,0x000000001a270000)]
  0x0000000017b3a000 JavaThread "Service Thread" daemon [_thread_blocked, id=13080, stack(0x00000000185a0000,0x00000000186a0000)]
  0x0000000017aa7800 JavaThread "C1 CompilerThread3" daemon [_thread_blocked, id=5064, stack(0x00000000184a0000,0x00000000185a0000)]
=>0x0000000017aab800 JavaThread "C2 CompilerThread2" daemon [_thread_in_native, id=6416, stack(0x00000000183a0000,0x00000000184a0000)]
  0x0000000017aa6000 JavaThread "C2 CompilerThread1" daemon [_thread_in_native, id=3872, stack(0x00000000182a0000,0x00000000183a0000)]
  0x0000000017aa2800 JavaThread "C2 CompilerThread0" daemon [_thread_in_native, id=13076, stack(0x00000000181a0000,0x00000000182a0000)]
  0x0000000017a9c000 JavaThread "Attach Listener" daemon [_thread_blocked, id=13192, stack(0x00000000180a0000,0x00000000181a0000)]
  0x0000000017a48000 JavaThread "Signal Dispatcher" daemon [_thread_blocked, id=12848, stack(0x0000000017fa0000,0x00000000180a0000)]
  0x0000000002fe9800 JavaThread "Finalizer" daemon [_thread_blocked, id=7648, stack(0x0000000017e10000,0x0000000017f10000)]
  0x0000000002fe8000 JavaThread "Reference Handler" daemon [_thread_blocked, id=10284, stack(0x0000000017910000,0x0000000017a10000)]
  0x000000000113e000 JavaThread "main" [_thread_blocked, id=2700, stack(0x0000000002a50000,0x0000000002b50000)]

Other Threads:
  0x0000000015b0a000 VMThread [stack: 0x0000000017810000,0x0000000017910000] [id=13016]
  0x0000000017b75000 WatcherThread [stack: 0x00000000186a0000,0x00000000187a0000] [id=932]

VM state:not at safepoint (normal execution)

VM Mutex/Monitor currently owned by a thread: None

Heap:
 PSYoungGen      total 242688K, used 108705K [0x00000000eab00000, 0x00000000fb280000, 0x0000000100000000)
  eden space 226816K, 40% used [0x00000000eab00000,0x00000000f05aab58,0x00000000f8880000)
  from space 15872K, 99% used [0x00000000f9e00000,0x00000000fad7d9f0,0x00000000fad80000)
  to   space 21504K, 0% used [0x00000000f8880000,0x00000000f8880000,0x00000000f9d80000)
 ParOldGen       total 146432K, used 24729K [0x00000000c0000000, 0x00000000c8f00000, 0x00000000eab00000)
  object space 146432K, 16% used [0x00000000c0000000,0x00000000c18266f0,0x00000000c8f00000)
 Metaspace       used 55468K, capacity 57744K, committed 57904K, reserved 1099776K
  class space    used 7786K, capacity 8393K, committed 8496K, reserved 1048576K

Card table byte_map: [0x00000000123b0000,0x00000000125c0000] byte_map_base: 0x0000000011db0000

Marking Bits: (ParMarkBitMap*) 0x00000000629208c0
 Begin Bits: [0x0000000012f20000, 0x0000000013f20000)
 End Bits:   [0x0000000013f20000, 0x0000000014f20000)

Polling page: 0x0000000000be0000

CodeCache: size=245760Kb used=20924Kb max_used=20924Kb free=224835Kb
 bounds [0x0000000002ff0000, 0x0000000004470000, 0x0000000011ff0000]
 total_blobs=7057 nmethods=6288 adapters=680
 compilation: enabled

Compilation events (10 events):
Event: 7.106 Thread 0x0000000017aa7800 6907       3       org.objectweb.asm.MethodWriter::visitFrame (233 bytes)
Event: 7.107 Thread 0x0000000017aa7800 nmethod 6907 0x0000000004468150 code [0x0000000004468320, 0x0000000004468b18]
Event: 7.107 Thread 0x0000000017aa7800 6906       3       java.util.LinkedHashMap::afterNodeInsertion (40 bytes)
Event: 7.108 Thread 0x0000000017aa7800 nmethod 6906 0x0000000004469050 code [0x00000000044691e0, 0x0000000004469708]
Event: 7.108 Thread 0x0000000017aa7800 6908       3       org.objectweb.asm.MethodWriter::visitMaxs (1159 bytes)
Event: 7.110 Thread 0x0000000017aa7800 nmethod 6908 0x0000000004469890 code [0x0000000004469ca0, 0x000000000446be78]
Event: 7.110 Thread 0x0000000017aa7800 6904       3       org.gradle.internal.progress.BuildOperationDescriptor::displayName (10 bytes)
Event: 7.110 Thread 0x0000000017aa7800 nmethod 6904 0x000000000446d890 code [0x000000000446da00, 0x000000000446dcf0]
Event: 7.110 Thread 0x0000000017aa7800 6905       3       org.gradle.internal.progress.BuildOperationDescriptor$Builder::<init> (6 bytes)
Event: 7.110 Thread 0x0000000017aa7800 nmethod 6905 0x000000000446de50 code [0x000000000446dfc0, 0x000000000446e210]

GC Heap History (10 events):
Event: 3.580 GC heap before
{Heap before GC invocations=6 (full 1):
 PSYoungGen      total 103424K, used 103175K [0x00000000eab00000, 0x00000000f3d00000, 0x0000000100000000)
  eden space 95744K, 100% used [0x00000000eab00000,0x00000000f0880000,0x00000000f0880000)
  from space 7680K, 96% used [0x00000000f3580000,0x00000000f3cc1d68,0x00000000f3d00000)
  to   space 10752K, 0% used [0x00000000f2800000,0x00000000f2800000,0x00000000f3280000)
 ParOldGen       total 110592K, used 8781K [0x00000000c0000000, 0x00000000c6c00000, 0x00000000eab00000)
  object space 110592K, 7% used [0x00000000c0000000,0x00000000c0893578,0x00000000c6c00000)
 Metaspace       used 34171K, capacity 34810K, committed 34992K, reserved 1079296K
  class space    used 4818K, capacity 5030K, committed 5040K, reserved 1048576K
Event: 3.589 GC heap after
Heap after GC invocations=6 (full 1):
 PSYoungGen      total 138752K, used 10748K [0x00000000eab00000, 0x00000000f4d80000, 0x0000000100000000)
  eden space 128000K, 0% used [0x00000000eab00000,0x00000000eab00000,0x00000000f2800000)
  from space 10752K, 99% used [0x00000000f2800000,0x00000000f327f2b8,0x00000000f3280000)
  to   space 14336K, 0% used [0x00000000f3f80000,0x00000000f3f80000,0x00000000f4d80000)
 ParOldGen       total 110592K, used 11382K [0x00000000c0000000, 0x00000000c6c00000, 0x00000000eab00000)
  object space 110592K, 10% used [0x00000000c0000000,0x00000000c0b1d928,0x00000000c6c00000)
 Metaspace       used 34171K, capacity 34810K, committed 34992K, reserved 1079296K
  class space    used 4818K, capacity 5030K, committed 5040K, reserved 1048576K
}
Event: 3.612 GC heap before
{Heap before GC invocations=7 (full 1):
 PSYoungGen      total 138752K, used 15178K [0x00000000eab00000, 0x00000000f4d80000, 0x0000000100000000)
  eden space 128000K, 3% used [0x00000000eab00000,0x00000000eaf53648,0x00000000f2800000)
  from space 10752K, 99% used [0x00000000f2800000,0x00000000f327f2b8,0x00000000f3280000)
  to   space 14336K, 0% used [0x00000000f3f80000,0x00000000f3f80000,0x00000000f4d80000)
 ParOldGen       total 110592K, used 11382K [0x00000000c0000000, 0x00000000c6c00000, 0x00000000eab00000)
  object space 110592K, 10% used [0x00000000c0000000,0x00000000c0b1d928,0x00000000c6c00000)
 Metaspace       used 34720K, capacity 35314K, committed 35496K, reserved 1079296K
  class space    used 4872K, capacity 5072K, committed 5168K, reserved 1048576K
Event: 3.618 GC heap after
Heap after GC invocations=7 (full 1):
 PSYoungGen      total 152576K, used 7898K [0x00000000eab00000, 0x00000000fa200000, 0x0000000100000000)
  eden space 138240K, 0% used [0x00000000eab00000,0x00000000eab00000,0x00000000f3200000)
  from space 14336K, 55% used [0x00000000f3f80000,0x00000000f4736890,0x00000000f4d80000)
  to   space 13824K, 0% used [0x00000000f3200000,0x00000000f3200000,0x00000000f3f80000)
 ParOldGen       total 110592K, used 11390K [0x00000000c0000000, 0x00000000c6c00000, 0x00000000eab00000)
  object space 110592K, 10% used [0x00000000c0000000,0x00000000c0b1f928,0x00000000c6c00000)
 Metaspace       used 34720K, capacity 35314K, committed 35496K, reserved 1079296K
  class space    used 4872K, capacity 5072K, committed 5168K, reserved 1048576K
}
Event: 3.618 GC heap before
{Heap before GC invocations=8 (full 2):
 PSYoungGen      total 152576K, used 7898K [0x00000000eab00000, 0x00000000fa200000, 0x0000000100000000)
  eden space 138240K, 0% used [0x00000000eab00000,0x00000000eab00000,0x00000000f3200000)
  from space 14336K, 55% used [0x00000000f3f80000,0x00000000f4736890,0x00000000f4d80000)
  to   space 13824K, 0% used [0x00000000f3200000,0x00000000f3200000,0x00000000f3f80000)
 ParOldGen       total 110592K, used 11390K [0x00000000c0000000, 0x00000000c6c00000, 0x00000000eab00000)
  object space 110592K, 10% used [0x00000000c0000000,0x00000000c0b1f928,0x00000000c6c00000)
 Metaspace       used 34720K, capacity 35314K, committed 35496K, reserved 1079296K
  class space    used 4872K, capacity 5072K, committed 5168K, reserved 1048576K
Event: 3.658 GC heap after
Heap after GC invocations=8 (full 2):
 PSYoungGen      total 152576K, used 0K [0x00000000eab00000, 0x00000000fa200000, 0x0000000100000000)
  eden space 138240K, 0% used [0x00000000eab00000,0x00000000eab00000,0x00000000f3200000)
  from space 14336K, 0% used [0x00000000f3f80000,0x00000000f3f80000,0x00000000f4d80000)
  to   space 13824K, 0% used [0x00000000f3200000,0x00000000f3200000,0x00000000f3f80000)
 ParOldGen       total 146432K, used 14945K [0x00000000c0000000, 0x00000000c8f00000, 0x00000000eab00000)
  object space 146432K, 10% used [0x00000000c0000000,0x00000000c0e98650,0x00000000c8f00000)
 Metaspace       used 34720K, capacity 35314K, committed 35496K, reserved 1079296K
  class space    used 4872K, capacity 5072K, committed 5168K, reserved 1048576K
}
Event: 4.796 GC heap before
{Heap before GC invocations=9 (full 2):
 PSYoungGen      total 152576K, used 138240K [0x00000000eab00000, 0x00000000fa200000, 0x0000000100000000)
  eden space 138240K, 100% used [0x00000000eab00000,0x00000000f3200000,0x00000000f3200000)
  from space 14336K, 0% used [0x00000000f3f80000,0x00000000f3f80000,0x00000000f4d80000)
  to   space 13824K, 0% used [0x00000000f3200000,0x00000000f3200000,0x00000000f3f80000)
 ParOldGen       total 146432K, used 14945K [0x00000000c0000000, 0x00000000c8f00000, 0x00000000eab00000)
  object space 146432K, 10% used [0x00000000c0000000,0x00000000c0e98650,0x00000000c8f00000)
 Metaspace       used 42690K, capacity 43710K, committed 44080K, reserved 1087488K
  class space    used 6029K, capacity 6348K, committed 6448K, reserved 1048576K
Event: 4.810 GC heap after
Heap after GC invocations=9 (full 2):
 PSYoungGen      total 152064K, used 13807K [0x00000000eab00000, 0x00000000fad80000, 0x0000000100000000)
  eden space 138240K, 0% used [0x00000000eab00000,0x00000000eab00000,0x00000000f3200000)
  from space 13824K, 99% used [0x00000000f3200000,0x00000000f3f7bca8,0x00000000f3f80000)
  to   space 15872K, 0% used [0x00000000f9e00000,0x00000000f9e00000,0x00000000fad80000)
 ParOldGen       total 146432K, used 15916K [0x00000000c0000000, 0x00000000c8f00000, 0x00000000eab00000)
  object space 146432K, 10% used [0x00000000c0000000,0x00000000c0f8b240,0x00000000c8f00000)
 Metaspace       used 42690K, capacity 43710K, committed 44080K, reserved 1087488K
  class space    used 6029K, capacity 6348K, committed 6448K, reserved 1048576K
}
Event: 6.337 GC heap before
{Heap before GC invocations=10 (full 2):
 PSYoungGen      total 152064K, used 152047K [0x00000000eab00000, 0x00000000fad80000, 0x0000000100000000)
  eden space 138240K, 100% used [0x00000000eab00000,0x00000000f3200000,0x00000000f3200000)
  from space 13824K, 99% used [0x00000000f3200000,0x00000000f3f7bca8,0x00000000f3f80000)
  to   space 15872K, 0% used [0x00000000f9e00000,0x00000000f9e00000,0x00000000fad80000)
 ParOldGen       total 146432K, used 15916K [0x00000000c0000000, 0x00000000c8f00000, 0x00000000eab00000)
  object space 146432K, 10% used [0x00000000c0000000,0x00000000c0f8b240,0x00000000c8f00000)
 Metaspace       used 52377K, capacity 54392K, committed 54576K, reserved 1095680K
  class space    used 7362K, capacity 7883K, committed 7984K, reserved 1048576K
Event: 6.355 GC heap after
Heap after GC invocations=10 (full 2):
 PSYoungGen      total 242688K, used 15862K [0x00000000eab00000, 0x00000000fb280000, 0x0000000100000000)
  eden space 226816K, 0% used [0x00000000eab00000,0x00000000eab00000,0x00000000f8880000)
  from space 15872K, 99% used [0x00000000f9e00000,0x00000000fad7d9f0,0x00000000fad80000)
  to   space 21504K, 0% used [0x00000000f8880000,0x00000000f8880000,0x00000000f9d80000)
 ParOldGen       total 146432K, used 24729K [0x00000000c0000000, 0x00000000c8f00000, 0x00000000eab00000)
  object space 146432K, 16% used [0x00000000c0000000,0x00000000c18266f0,0x00000000c8f00000)
 Metaspace       used 52377K, capacity 54392K, committed 54576K, reserved 1095680K
  class space    used 7362K, capacity 7883K, committed 7984K, reserved 1048576K
}

Deoptimization events (10 events):
Event: 7.046 Thread 0x0000000019906800 Uncommon trap: reason=unstable_if action=reinterpret pc=0x0000000003cd020c method=org.objectweb.asm.MethodWriter.visitVarInsn(II)V @ 122
Event: 7.046 Thread 0x0000000019906800 Uncommon trap: reason=unstable_if action=reinterpret pc=0x00000000032123d8 method=org.objectweb.asm.Frame.initInputFrame(Lorg/objectweb/asm/ClassWriter;I[Lorg/objectweb/asm/Type;I)V @ 107
Event: 7.046 Thread 0x0000000019906800 Uncommon trap: reason=unstable_if action=reinterpret pc=0x000000000398a144 method=org.objectweb.asm.MethodWriter.visitFrame(Lorg/objectweb/asm/Frame;)V @ 62
Event: 7.048 Thread 0x0000000019906800 Uncommon trap: reason=unstable_if action=reinterpret pc=0x0000000003b28e5c method=java.util.LinkedHashMap.afterNodeInsertion(Z)V @ 18
Event: 7.090 Thread 0x0000000020c23800 Uncommon trap: reason=bimorphic action=maybe_recompile pc=0x000000000431f1e0 method=com.google.common.collect.Iterators$5.hasNext()Z @ 24
Event: 7.101 Thread 0x0000000020c23800 Uncommon trap: reason=bimorphic action=maybe_recompile pc=0x000000000431f1e0 method=com.google.common.collect.Iterators$5.hasNext()Z @ 24
Event: 7.102 Thread 0x0000000020c23800 Uncommon trap: reason=bimorphic action=maybe_recompile pc=0x000000000431f1e0 method=com.google.common.collect.Iterators$5.hasNext()Z @ 24
Event: 7.102 Thread 0x0000000020c23800 Uncommon trap: reason=bimorphic action=maybe_recompile pc=0x000000000431f1e0 method=com.google.common.collect.Iterators$5.hasNext()Z @ 24
Event: 7.112 Thread 0x0000000020c26800 Uncommon trap: reason=unstable_if action=reinterpret pc=0x0000000003e717e8 method=java.util.regex.Pattern$Curly.match0(Ljava/util/regex/Matcher;IILjava/lang/CharSequence;)Z @ 5
Event: 7.123 Thread 0x0000000020c23800 Uncommon trap: reason=array_check action=maybe_recompile pc=0x00000000043a59b0 method=java.util.AbstractCollection.toArray([Ljava/lang/Object;)[Ljava/lang/Object; @ 119

Classes redefined (0 events):
No events

Internal exceptions (10 events):
Event: 6.821 Thread 0x0000000019906800 Exception <a 'java/security/PrivilegedActionException'> (0x00000000ee881eb8) thrown at [C:\re\workspace\8-2-build-windows-amd64-cygwin\jdk8u171\10807\hotspot\src\share\vm\prims\jvm.cpp, line 1435]
Event: 6.821 Thread 0x0000000019906800 Exception <a 'java/security/PrivilegedActionException'> (0x00000000ee882a50) thrown at [C:\re\workspace\8-2-build-windows-amd64-cygwin\jdk8u171\10807\hotspot\src\share\vm\prims\jvm.cpp, line 1435]
Event: 6.825 Thread 0x0000000019906800 Exception <a 'java/lang/ClassNotFoundException': org/gradle/api/plugins/ExtraPropertiesExtensionBeanInfo> (0x00000000ee8ba750) thrown at [C:\re\workspace\8-2-build-windows-amd64-cygwin\jdk8u171\10807\hotspot\src\share\vm\classfile\systemDictionary.cpp, li
Event: 6.825 Thread 0x0000000019906800 Exception <a 'java/lang/ClassNotFoundException': org/gradle/api/plugins/ExtraPropertiesExtensionCustomizer> (0x00000000ee8f0588) thrown at [C:\re\workspace\8-2-build-windows-amd64-cygwin\jdk8u171\10807\hotspot\src\share\vm\classfile\systemDictionary.cpp, 
Event: 6.912 Thread 0x0000000019906800 Exception <a 'java/lang/ClassNotFoundException': org/gradle/platform/base/BinaryContainer_ImplBeanInfo> (0x00000000ef0172d0) thrown at [C:\re\workspace\8-2-build-windows-amd64-cygwin\jdk8u171\10807\hotspot\src\share\vm\classfile\systemDictionary.cpp, line
Event: 6.912 Thread 0x0000000019906800 Exception <a 'java/lang/ClassNotFoundException': org/gradle/model/internal/core/NodeBackedModelMapBeanInfo> (0x00000000ef02b420) thrown at [C:\re\workspace\8-2-build-windows-amd64-cygwin\jdk8u171\10807\hotspot\src\share\vm\classfile\systemDictionary.cpp, 
Event: 6.913 Thread 0x0000000019906800 Exception <a 'java/lang/ClassNotFoundException': org/gradle/model/internal/core/ModelMapGroovyViewBeanInfo> (0x00000000ef03f570) thrown at [C:\re\workspace\8-2-build-windows-amd64-cygwin\jdk8u171\10807\hotspot\src\share\vm\classfile\systemDictionary.cpp, 
Event: 6.913 Thread 0x0000000019906800 Exception <a 'java/lang/ClassNotFoundException': org/gradle/model/internal/core/ModelMapGroovyViewCustomizer> (0x00000000ef054388) thrown at [C:\re\workspace\8-2-build-windows-amd64-cygwin\jdk8u171\10807\hotspot\src\share\vm\classfile\systemDictionary.cpp
Event: 6.914 Thread 0x0000000019906800 Exception <a 'java/lang/ClassNotFoundException': org/gradle/model/internal/core/NodeBackedModelMapCustomizer> (0x00000000ef07c540) thrown at [C:\re\workspace\8-2-build-windows-amd64-cygwin\jdk8u171\10807\hotspot\src\share\vm\classfile\systemDictionary.cpp
Event: 6.916 Thread 0x0000000019906800 Exception <a 'java/lang/ClassNotFoundException': org/gradle/platform/base/BinaryContainer_ImplCustomizer> (0x00000000ef0dec20) thrown at [C:\re\workspace\8-2-build-windows-amd64-cygwin\jdk8u171\10807\hotspot\src\share\vm\classfile\systemDictionary.cpp, li

Events (10 events):
Event: 7.134 loading class org/gradle/api/internal/changedetection/rules/ErrorHandlingTaskStateChanges
Event: 7.134 loading class org/gradle/api/internal/changedetection/rules/ErrorHandlingTaskStateChanges done
Event: 7.135 loading class org/gradle/api/internal/changedetection/rules/DiscoveredInputsTaskStateChanges
Event: 7.135 loading class org/gradle/api/internal/changedetection/rules/DiscoveredInputsTaskStateChanges done
Event: 7.135 loading class org/gradle/api/internal/changedetection/rules/SummaryTaskStateChanges
Event: 7.135 loading class org/gradle/api/internal/changedetection/rules/SummaryTaskStateChanges done
Event: 7.135 loading class org/gradle/api/internal/changedetection/rules/SummaryTaskStateChanges$1
Event: 7.135 loading class org/gradle/api/internal/changedetection/rules/SummaryTaskStateChanges$1 done
Event: 7.135 loading class org/gradle/api/internal/changedetection/rules/ErrorHandlingTaskStateChanges$1
Event: 7.135 loading class org/gradle/api/internal/changedetection/rules/ErrorHandlingTaskStateChanges$1 done


Dynamic libraries:
0x00007ff6dde90000 - 0x00007ff6ddec7000 	C:\Program Files\Java\jdk1.8.0_171\bin\java.exe
0x00007ffa0c020000 - 0x00007ffa0c201000 	C:\WINDOWS\SYSTEM32\ntdll.dll
0x00007ffa09c10000 - 0x00007ffa09cc2000 	C:\WINDOWS\System32\KERNEL32.DLL
0x00007ffa08490000 - 0x00007ffa08703000 	C:\WINDOWS\System32\KERNELBASE.dll
0x00007ffa09a00000 - 0x00007ffa09aa1000 	C:\WINDOWS\System32\ADVAPI32.dll
0x00007ffa09630000 - 0x00007ffa096ce000 	C:\WINDOWS\System32\msvcrt.dll
0x00007ffa094b0000 - 0x00007ffa0950b000 	C:\WINDOWS\System32\sechost.dll
0x00007ffa0bec0000 - 0x00007ffa0bfe4000 	C:\WINDOWS\System32\RPCRT4.dll
0x00007ffa0bc00000 - 0x00007ffa0bd90000 	C:\WINDOWS\System32\USER32.dll
0x00007ffa09170000 - 0x00007ffa09190000 	C:\WINDOWS\System32\win32u.dll
0x00007ffa09bb0000 - 0x00007ffa09bd8000 	C:\WINDOWS\System32\GDI32.dll
0x00007ffa09190000 - 0x00007ffa09322000 	C:\WINDOWS\System32\gdi32full.dll
0x00007ffa083f0000 - 0x00007ffa0848f000 	C:\WINDOWS\System32\msvcp_win.dll
0x00007ffa08710000 - 0x00007ffa0880a000 	C:\WINDOWS\System32\ucrtbase.dll
0x00007ffa00150000 - 0x00007ffa003b9000 	C:\WINDOWS\WinSxS\amd64_microsoft.windows.common-controls_6595b64144ccf1df_6.0.17134.407_none_fb449d63306391e9\COMCTL32.dll
0x00007ffa096d0000 - 0x00007ffa099f2000 	C:\WINDOWS\System32\combase.dll
0x00007ffa09430000 - 0x00007ffa094aa000 	C:\WINDOWS\System32\bcryptPrimitives.dll
0x00007ffa09be0000 - 0x00007ffa09c0d000 	C:\WINDOWS\System32\IMM32.DLL
0x0000000065330000 - 0x0000000065402000 	C:\Program Files\Java\jdk1.8.0_171\jre\bin\msvcr100.dll
0x0000000062100000 - 0x00000000629a0000 	C:\Program Files\Java\jdk1.8.0_171\jre\bin\server\jvm.dll
0x00007ffa0bab0000 - 0x00007ffa0bab8000 	C:\WINDOWS\System32\PSAPI.DLL
0x00007ffa065c0000 - 0x00007ffa065e3000 	C:\WINDOWS\SYSTEM32\WINMM.dll
0x00007ffa06630000 - 0x00007ffa06639000 	C:\WINDOWS\SYSTEM32\WSOCK32.dll
0x00007ffa03720000 - 0x00007ffa0372a000 	C:\WINDOWS\SYSTEM32\VERSION.dll
0x00007ffa0bb90000 - 0x00007ffa0bbfc000 	C:\WINDOWS\System32\WS2_32.dll
0x00007ffa06560000 - 0x00007ffa0658a000 	C:\WINDOWS\SYSTEM32\WINMMBASE.dll
0x00007ffa093e0000 - 0x00007ffa09429000 	C:\WINDOWS\System32\cfgmgr32.dll
0x0000000065320000 - 0x000000006532f000 	C:\Program Files\Java\jdk1.8.0_171\jre\bin\verify.dll
0x00000000652f0000 - 0x0000000065319000 	C:\Program Files\Java\jdk1.8.0_171\jre\bin\java.dll
0x00000000652d0000 - 0x00000000652e6000 	C:\Program Files\Java\jdk1.8.0_171\jre\bin\zip.dll
0x00007ffa0a050000 - 0x00007ffa0b48f000 	C:\WINDOWS\System32\SHELL32.dll
0x00007ffa0bac0000 - 0x00007ffa0bb69000 	C:\WINDOWS\System32\shcore.dll
0x00007ffa08a60000 - 0x00007ffa0916d000 	C:\WINDOWS\System32\windows.storage.dll
0x00007ffa0ba50000 - 0x00007ffa0baa1000 	C:\WINDOWS\System32\shlwapi.dll
0x00007ffa083b0000 - 0x00007ffa083c1000 	C:\WINDOWS\System32\kernel.appcore.dll
0x00007ffa083d0000 - 0x00007ffa083ef000 	C:\WINDOWS\System32\profapi.dll
0x00007ffa08330000 - 0x00007ffa0837c000 	C:\WINDOWS\System32\powrprof.dll
0x00007ffa08380000 - 0x00007ffa0838a000 	C:\WINDOWS\System32\FLTLIB.DLL
0x00000000652b0000 - 0x00000000652ca000 	C:\Program Files\Java\jdk1.8.0_171\jre\bin\net.dll
0x00007ffa07bb0000 - 0x00007ffa07c16000 	C:\WINDOWS\system32\mswsock.dll
0x0000000065290000 - 0x00000000652a1000 	C:\Program Files\Java\jdk1.8.0_171\jre\bin\nio.dll
0x00007ffa06610000 - 0x00007ffa0662e000 	C:\Users\heogo\.gradle\native\25\windows-amd64\native-platform.dll
0x0000000065280000 - 0x000000006528d000 	C:\Program Files\Java\jdk1.8.0_171\jre\bin\management.dll
0x00007ffa07d60000 - 0x00007ffa07d77000 	C:\WINDOWS\SYSTEM32\CRYPTSP.dll
0x00007ffa07790000 - 0x00007ffa077c3000 	C:\WINDOWS\system32\rsaenh.dll
0x00007ffa07e90000 - 0x00007ffa07eb5000 	C:\WINDOWS\SYSTEM32\bcrypt.dll
0x00007ffa08260000 - 0x00007ffa08288000 	C:\WINDOWS\SYSTEM32\USERENV.dll
0x00007ffa07d80000 - 0x00007ffa07d8b000 	C:\WINDOWS\SYSTEM32\CRYPTBASE.dll
0x00007ffa07930000 - 0x00007ffa07968000 	C:\WINDOWS\SYSTEM32\IPHLPAPI.DLL
0x00007ffa0b490000 - 0x00007ffa0b498000 	C:\WINDOWS\System32\NSI.dll
0x00007ffa03310000 - 0x00007ffa03326000 	C:\WINDOWS\SYSTEM32\dhcpcsvc6.DLL
0x00007ffa032f0000 - 0x00007ffa0330a000 	C:\WINDOWS\SYSTEM32\dhcpcsvc.DLL

VM Arguments:
jvm_args: -XX:+HeapDumpOnOutOfMemoryError -Xmx1024m -Dfile.encoding=x-windows-949 -Duser.country=KR -Duser.language=ko -Duser.variant 
java_command: org.gradle.launcher.daemon.bootstrap.GradleDaemon 4.4
java_class_path (initial): C:\Users\heogo\.gradle\wrapper\dists\gradle-4.4-all\9br9xq1tocpiv8o6njlyu5op1\gradle-4.4\lib\gradle-launcher-4.4.jar
Launcher Type: SUN_STANDARD

Environment Variables:
JAVA_HOME=C:\Program Files\Java\jdk1.8.0_171
CLASSPATH=E:\SProject\project12\android\\gradle\wrapper\gradle-wrapper.jar
PATH=C:\Program Files (x86)\Common Files\Oracle\Java\javapath;C:\WINDOWS\system32;C:\WINDOWS;C:\WINDOWS\System32\Wbem;C:\WINDOWS\System32\WindowsPowerShell\v1.0\;C:\Program Files (x86)\NVIDIA Corporation\PhysX\Common;C:\Program Files\Crucial\Crucial Storage Executive;C:\WINDOWS\system32;C:\WINDOWS;C:\WINDOWS\System32\Wbem;C:\WINDOWS\System32\WindowsPowerShell\v1.0\;C:\WINDOWS\System32\OpenSSH\;C:\Program Files\Git\cmd;E:\nodejs\;e:\Microsoft VS Code\bin;C:\Users\heogo\AppData\Local\Android\Sdk\platform-tools;C:\Users\heogo\AppData\Local\Microsoft\WindowsApps;C:\Program Files\Bandizip\;C:\Program Files\Java\jdk1.8.0_171\bin;C:\Users\heogo\AppData\Roaming\npm
USERNAME=heogo
OS=Windows_NT
PROCESSOR_IDENTIFIER=Intel64 Family 6 Model 60 Stepping 3, GenuineIntel



---------------  S Y S T E M  ---------------

OS: Windows 10.0 , 64 bit Build 17134 (10.0.17134.1)

CPU:total 8 (initial active 8) (4 cores per cpu, 2 threads per core) family 6 model 60 stepping 3, cmov, cx8, fxsr, mmx, sse, sse2, sse3, ssse3, sse4.1, sse4.2, popcnt, avx, avx2, aes, clmul, erms, lzcnt, ht, tsc, tscinvbit, bmi1, bmi2

Memory: 4k page, physical 16721044k(6749224k free), swap 16721044k(5564k free)

vm_info: Java HotSpot(TM) 64-Bit Server VM (25.171-b11) for windows-amd64 JRE (1.8.0_171-b11), built on Mar 28 2018 16:06:12 by "java_re" with MS VC++ 10.0 (VS2010)

time: Mon Dec 03 21:15:49 2018
elapsed time: 7 seconds (0d 0h 0m 7s)

