#
# There is insufficient memory for the Java Runtime Environment to continue.
# Native memory allocation (malloc) failed to allocate 901936 bytes for Chunk::new
# Possible reasons:
#   The system is out of physical RAM or swap space
#   In 32 bit mode, the process size limit was hit
# Possible solutions:
#   Reduce memory load on the system
#   Increase physical memory or swap space
#   Check if swap backing store is full
#   Use 64 bit Java on a 64 bit OS
#   Decrease Java heap size (-Xmx/-Xms)
#   Decrease number of Java threads
#   Decrease Java thread stack sizes (-Xss)
#   Set larger code cache with -XX:ReservedCodeCacheSize=
# This output file may be truncated or incomplete.
#
#  Out of Memory Error (allocation.cpp:390), pid=5816, tid=0x0000000000001fc4
#
# JRE version: Java(TM) SE Runtime Environment (8.0_171-b11) (build 1.8.0_171-b11)
# Java VM: Java HotSpot(TM) 64-Bit Server VM (25.171-b11 mixed mode windows-amd64 compressed oops)
# Failed to write core dump. Minidumps are not enabled by default on client versions of Windows
#

---------------  T H R E A D  ---------------

Current thread (0x0000000017986000):  JavaThread "C2 CompilerThread2" daemon [_thread_in_native, id=8132, stack(0x00000000181f0000,0x00000000182f0000)]

Stack: [0x00000000181f0000,0x00000000182f0000]
[error occurred during error reporting (printing stack bounds), id 0xc0000005]

Native frames: (J=compiled Java code, j=interpreted, Vv=VM code, C=native code)


Current CompileTask:
C2:   6964 6770       4       org.gradle.model.internal.type.ModelType::wrap (219 bytes)


---------------  P R O C E S S  ---------------

Java Threads: ( => current thread )
  0x000000001b137800 JavaThread "Task worker for ':' Thread 7" [_thread_blocked, id=5204, stack(0x00000000257a0000,0x00000000258a0000)]
  0x000000001b134800 JavaThread "Task worker for ':' Thread 6" [_thread_blocked, id=7872, stack(0x00000000246d0000,0x00000000247d0000)]
  0x000000001b138800 JavaThread "Task worker for ':' Thread 5" [_thread_blocked, id=11900, stack(0x00000000245d0000,0x00000000246d0000)]
  0x000000001b134000 JavaThread "Task worker for ':' Thread 4" [_thread_blocked, id=6376, stack(0x00000000244d0000,0x00000000245d0000)]
  0x000000001b133000 JavaThread "Task worker for ':' Thread 3" [_thread_blocked, id=3248, stack(0x00000000243d0000,0x00000000244d0000)]
  0x000000001b139000 JavaThread "Task worker for ':' Thread 2" [_thread_in_vm, id=6600, stack(0x00000000242d0000,0x00000000243d0000)]
  0x000000001b137000 JavaThread "Task worker for ':'" [_thread_blocked, id=4440, stack(0x00000000241d0000,0x00000000242d0000)]
  0x000000001b136000 JavaThread "Cache worker for Build Output Cleanup Cache (E:\SProject\project12\android\.gradle\buildOutputCleanup)" [_thread_blocked, id=3820, stack(0x0000000023df0000,0x0000000023ef0000)]
  0x000000001b135800 JavaThread "Cache worker for task history cache (E:\SProject\project12\android\.gradle\4.4\taskHistory)" [_thread_blocked, id=11116, stack(0x0000000023cf0000,0x0000000023df0000)]
  0x000000001b12f800 JavaThread "Cache worker for file content cache (E:\SProject\project12\android\.gradle\4.4\fileContent)" [_thread_blocked, id=11628, stack(0x0000000023bf0000,0x0000000023cf0000)]
  0x000000001b12a000 JavaThread "Memory manager" [_thread_blocked, id=11908, stack(0x0000000021d20000,0x0000000021e20000)]
  0x000000001b130000 JavaThread "build operations Thread 8" [_thread_blocked, id=12720, stack(0x0000000021c20000,0x0000000021d20000)]
  0x000000001b131000 JavaThread "build operations Thread 7" [_thread_blocked, id=10164, stack(0x0000000021b20000,0x0000000021c20000)]
  0x000000001b12d000 JavaThread "build operations Thread 6" [_thread_blocked, id=3784, stack(0x0000000021a20000,0x0000000021b20000)]
  0x000000001b12b800 JavaThread "build operations Thread 5" [_thread_blocked, id=4528, stack(0x0000000021920000,0x0000000021a20000)]
  0x000000001b12e800 JavaThread "build operations Thread 4" [_thread_blocked, id=12884, stack(0x0000000021600000,0x0000000021700000)]
  0x0000000019b1f800 JavaThread "build operations Thread 3" [_thread_blocked, id=13252, stack(0x0000000021500000,0x0000000021600000)]
  0x0000000019b24800 JavaThread "build operations Thread 2" [_thread_blocked, id=11392, stack(0x0000000021400000,0x0000000021500000)]
  0x0000000019b24000 JavaThread "build operations" [_thread_blocked, id=11872, stack(0x0000000021300000,0x0000000021400000)]
  0x0000000019b26000 JavaThread "Cache worker for Artifact transforms cache (C:\Users\heogo\.gradle\caches\transforms-1)" [_thread_blocked, id=11928, stack(0x000000001ffe0000,0x00000000200e0000)]
  0x0000000019b21000 JavaThread "Cache worker for file hash cache (E:\SProject\project12\android\.gradle\4.4\fileHashes)" [_thread_blocked, id=7464, stack(0x000000001c070000,0x000000001c170000)]
  0x0000000019b23000 JavaThread "File lock request listener" [_thread_in_native, id=88, stack(0x000000001afa0000,0x000000001b0a0000)]
  0x0000000019b20000 JavaThread "Cache worker for file hash cache (C:\Users\heogo\.gradle\caches\4.4\fileHashes)" [_thread_blocked, id=9232, stack(0x000000001aea0000,0x000000001afa0000)]
  0x0000000019980800 JavaThread "Stdin handler" [_thread_blocked, id=9944, stack(0x000000001aba0000,0x000000001aca0000)]
  0x000000001998f000 JavaThread "Asynchronous log dispatcher for DefaultDaemonConnection: socket connection from /127.0.0.1:10519 to /127.0.0.1:10520" [_thread_blocked, id=7920, stack(0x000000001aaa0000,0x000000001aba0000)]
  0x0000000019653000 JavaThread "Daemon worker" [_thread_blocked, id=11428, stack(0x000000001a8a0000,0x000000001a9a0000)]
  0x0000000019652800 JavaThread "Cancel handler" [_thread_blocked, id=1868, stack(0x000000001a7a0000,0x000000001a8a0000)]
  0x0000000019639000 JavaThread "Handler for socket connection from /127.0.0.1:10519 to /127.0.0.1:10520" [_thread_in_native, id=12964, stack(0x000000001a4a0000,0x000000001a5a0000)]
  0x000000001963a800 JavaThread "Daemon" [_thread_blocked, id=12912, stack(0x000000001a3a0000,0x000000001a4a0000)]
  0x0000000019773800 JavaThread "Daemon periodic checks" [_thread_blocked, id=8792, stack(0x000000001a2a0000,0x000000001a3a0000)]
  0x00000000196f9800 JavaThread "Incoming local TCP Connector on port 10519" [_thread_in_native, id=5144, stack(0x000000001a0c0000,0x000000001a1c0000)]
  0x000000001974b800 JavaThread "Daemon health stats" [_thread_blocked, id=8484, stack(0x0000000019fc0000,0x000000001a0c0000)]
  0x0000000017a13800 JavaThread "Service Thread" daemon [_thread_blocked, id=9004, stack(0x00000000183f0000,0x00000000184f0000)]
  0x000000001798b000 JavaThread "C1 CompilerThread3" daemon [_thread_blocked, id=12444, stack(0x00000000182f0000,0x00000000183f0000)]
=>0x0000000017986000 JavaThread "C2 CompilerThread2" daemon [_thread_in_native, id=8132, stack(0x00000000181f0000,0x00000000182f0000)]
  0x0000000017982000 JavaThread "C2 CompilerThread1" daemon [_thread_in_native, id=5760, stack(0x00000000180f0000,0x00000000181f0000)]
  0x000000001797f000 JavaThread "C2 CompilerThread0" daemon [_thread_in_native, id=5016, stack(0x0000000017ff0000,0x00000000180f0000)]
  0x000000001797d000 JavaThread "Attach Listener" daemon [_thread_blocked, id=10788, stack(0x0000000017ef0000,0x0000000017ff0000)]
  0x0000000017929800 JavaThread "Signal Dispatcher" daemon [_thread_blocked, id=11148, stack(0x0000000017df0000,0x0000000017ef0000)]
  0x0000000017910800 JavaThread "Finalizer" daemon [_thread_blocked, id=6568, stack(0x0000000017cf0000,0x0000000017df0000)]
  0x0000000002eb7000 JavaThread "Reference Handler" daemon [_thread_blocked, id=12580, stack(0x00000000177f0000,0x00000000178f0000)]
  0x0000000002dbe000 JavaThread "main" [_thread_blocked, id=3904, stack(0x0000000002bd0000,0x0000000002cd0000)]

Other Threads:
  0x00000000159da000 VMThread [stack: 0x00000000176f0000,0x00000000177f0000] [id=11704]
  0x0000000017a31000 WatcherThread [stack: 0x00000000184f0000,0x00000000185f0000] [id=5612]

VM state:not at safepoint (normal execution)

VM Mutex/Monitor currently owned by a thread: None

Heap:
 PSYoungGen      total 220160K, used 115579K [0x00000000eab00000, 0x00000000f9b00000, 0x0000000100000000)
  eden space 204800K, 48% used [0x00000000eab00000,0x00000000f0ce13a0,0x00000000f7300000)
  from space 15360K, 99% used [0x00000000f8780000,0x00000000f967d9d0,0x00000000f9680000)
  to   space 20480K, 0% used [0x00000000f7300000,0x00000000f7300000,0x00000000f8700000)
 ParOldGen       total 158720K, used 24636K [0x00000000c0000000, 0x00000000c9b00000, 0x00000000eab00000)
  object space 158720K, 15% used [0x00000000c0000000,0x00000000c180f1f0,0x00000000c9b00000)
 Metaspace       used 55040K, capacity 57344K, committed 57520K, reserved 1097728K
  class space    used 7710K, capacity 8327K, committed 8368K, reserved 1048576K

Card table byte_map: [0x0000000012280000,0x0000000012490000] byte_map_base: 0x0000000011c80000

Marking Bits: (ParMarkBitMap*) 0x00000000629208c0
 Begin Bits: [0x0000000012df0000, 0x0000000013df0000)
 End Bits:   [0x0000000013df0000, 0x0000000014df0000)

Polling page: 0x0000000000f00000

CodeCache: size=245760Kb used=21020Kb max_used=21020Kb free=224739Kb
 bounds [0x0000000002ec0000, 0x0000000004360000, 0x0000000011ec0000]
 total_blobs=7040 nmethods=6273 adapters=678
 compilation: enabled

Compilation events (10 events):
Event: 6.955 Thread 0x000000001798b000 6876       3       org.gradle.internal.progress.DefaultBuildOperationExecutor::maybeStartUnmanagedThreadOperation (57 bytes)
Event: 6.956 Thread 0x000000001798b000 nmethod 6876 0x0000000004359c90 code [0x0000000004359ec0, 0x000000000435ab88]
Event: 6.956 Thread 0x000000001798b000 6877       3       org.gradle.internal.concurrent.GradleThread::isManaged (13 bytes)
Event: 6.956 Thread 0x000000001798b000 nmethod 6877 0x000000000435afd0 code [0x000000000435b140, 0x000000000435b4c8]
Event: 6.956 Thread 0x000000001798b000 6878       1       org.gradle.internal.event.BroadcastDispatch$SingletonDispatch::access$100 (5 bytes)
Event: 6.956 Thread 0x000000001798b000 nmethod 6878 0x000000000435b590 code [0x000000000435b6e0, 0x000000000435b7d0]
Event: 6.957 Thread 0x000000001798b000 6879       1       org.gradle.internal.event.DefaultListenerManager::access$000 (5 bytes)
Event: 6.957 Thread 0x000000001798b000 nmethod 6879 0x000000000435b850 code [0x000000000435b9a0, 0x000000000435ba90]
Event: 6.961 Thread 0x000000001798b000 6880       3       java.util.concurrent.ThreadPoolExecutor::runStateOf (5 bytes)
Event: 6.961 Thread 0x000000001798b000 nmethod 6880 0x000000000435bb10 code [0x000000000435bc60, 0x000000000435bd90]

GC Heap History (10 events):
Event: 3.586 GC heap before
{Heap before GC invocations=6 (full 1):
 PSYoungGen      total 101888K, used 101625K [0x00000000eab00000, 0x00000000f3d00000, 0x0000000100000000)
  eden space 94208K, 100% used [0x00000000eab00000,0x00000000f0700000,0x00000000f0700000)
  from space 7680K, 96% used [0x00000000f3580000,0x00000000f3cbe558,0x00000000f3d00000)
  to   space 10752K, 0% used [0x00000000f2800000,0x00000000f2800000,0x00000000f3280000)
 ParOldGen       total 110592K, used 8773K [0x00000000c0000000, 0x00000000c6c00000, 0x00000000eab00000)
  object space 110592K, 7% used [0x00000000c0000000,0x00000000c08915b0,0x00000000c6c00000)
 Metaspace       used 33700K, capacity 34330K, committed 34480K, reserved 1079296K
  class space    used 4784K, capacity 4998K, committed 5040K, reserved 1048576K
Event: 3.596 GC heap after
Heap after GC invocations=6 (full 1):
 PSYoungGen      total 138752K, used 10749K [0x00000000eab00000, 0x00000000f4900000, 0x0000000100000000)
  eden space 128000K, 0% used [0x00000000eab00000,0x00000000eab00000,0x00000000f2800000)
  from space 10752K, 99% used [0x00000000f2800000,0x00000000f327f468,0x00000000f3280000)
  to   space 13824K, 0% used [0x00000000f3b80000,0x00000000f3b80000,0x00000000f4900000)
 ParOldGen       total 110592K, used 10965K [0x00000000c0000000, 0x00000000c6c00000, 0x00000000eab00000)
  object space 110592K, 9% used [0x00000000c0000000,0x00000000c0ab5560,0x00000000c6c00000)
 Metaspace       used 33700K, capacity 34330K, committed 34480K, reserved 1079296K
  class space    used 4784K, capacity 4998K, committed 5040K, reserved 1048576K
}
Event: 3.642 GC heap before
{Heap before GC invocations=7 (full 1):
 PSYoungGen      total 138752K, used 17186K [0x00000000eab00000, 0x00000000f4900000, 0x0000000100000000)
  eden space 128000K, 5% used [0x00000000eab00000,0x00000000eb149688,0x00000000f2800000)
  from space 10752K, 99% used [0x00000000f2800000,0x00000000f327f468,0x00000000f3280000)
  to   space 13824K, 0% used [0x00000000f3b80000,0x00000000f3b80000,0x00000000f4900000)
 ParOldGen       total 110592K, used 10965K [0x00000000c0000000, 0x00000000c6c00000, 0x00000000eab00000)
  object space 110592K, 9% used [0x00000000c0000000,0x00000000c0ab5560,0x00000000c6c00000)
 Metaspace       used 34733K, capacity 35346K, committed 35496K, reserved 1079296K
  class space    used 4874K, capacity 5104K, committed 5168K, reserved 1048576K
Event: 3.647 GC heap after
Heap after GC invocations=7 (full 1):
 PSYoungGen      total 148480K, used 8346K [0x00000000eab00000, 0x00000000f9200000, 0x0000000100000000)
  eden space 134656K, 0% used [0x00000000eab00000,0x00000000eab00000,0x00000000f2e80000)
  from space 13824K, 60% used [0x00000000f3b80000,0x00000000f43a6b50,0x00000000f4900000)
  to   space 13312K, 0% used [0x00000000f2e80000,0x00000000f2e80000,0x00000000f3b80000)
 ParOldGen       total 110592K, used 10973K [0x00000000c0000000, 0x00000000c6c00000, 0x00000000eab00000)
  object space 110592K, 9% used [0x00000000c0000000,0x00000000c0ab7560,0x00000000c6c00000)
 Metaspace       used 34733K, capacity 35346K, committed 35496K, reserved 1079296K
  class space    used 4874K, capacity 5104K, committed 5168K, reserved 1048576K
}
Event: 3.647 GC heap before
{Heap before GC invocations=8 (full 2):
 PSYoungGen      total 148480K, used 8346K [0x00000000eab00000, 0x00000000f9200000, 0x0000000100000000)
  eden space 134656K, 0% used [0x00000000eab00000,0x00000000eab00000,0x00000000f2e80000)
  from space 13824K, 60% used [0x00000000f3b80000,0x00000000f43a6b50,0x00000000f4900000)
  to   space 13312K, 0% used [0x00000000f2e80000,0x00000000f2e80000,0x00000000f3b80000)
 ParOldGen       total 110592K, used 10973K [0x00000000c0000000, 0x00000000c6c00000, 0x00000000eab00000)
  object space 110592K, 9% used [0x00000000c0000000,0x00000000c0ab7560,0x00000000c6c00000)
 Metaspace       used 34733K, capacity 35346K, committed 35496K, reserved 1079296K
  class space    used 4874K, capacity 5104K, committed 5168K, reserved 1048576K
Event: 3.689 GC heap after
Heap after GC invocations=8 (full 2):
 PSYoungGen      total 148480K, used 0K [0x00000000eab00000, 0x00000000f9200000, 0x0000000100000000)
  eden space 134656K, 0% used [0x00000000eab00000,0x00000000eab00000,0x00000000f2e80000)
  from space 13824K, 0% used [0x00000000f3b80000,0x00000000f3b80000,0x00000000f4900000)
  to   space 13312K, 0% used [0x00000000f2e80000,0x00000000f2e80000,0x00000000f3b80000)
 ParOldGen       total 158720K, used 15337K [0x00000000c0000000, 0x00000000c9b00000, 0x00000000eab00000)
  object space 158720K, 9% used [0x00000000c0000000,0x00000000c0efa488,0x00000000c9b00000)
 Metaspace       used 34733K, capacity 35346K, committed 35496K, reserved 1079296K
  class space    used 4874K, capacity 5104K, committed 5168K, reserved 1048576K
}
Event: 4.726 GC heap before
{Heap before GC invocations=9 (full 2):
 PSYoungGen      total 148480K, used 134656K [0x00000000eab00000, 0x00000000f9200000, 0x0000000100000000)
  eden space 134656K, 100% used [0x00000000eab00000,0x00000000f2e80000,0x00000000f2e80000)
  from space 13824K, 0% used [0x00000000f3b80000,0x00000000f3b80000,0x00000000f4900000)
  to   space 13312K, 0% used [0x00000000f2e80000,0x00000000f2e80000,0x00000000f3b80000)
 ParOldGen       total 158720K, used 15337K [0x00000000c0000000, 0x00000000c9b00000, 0x00000000eab00000)
  object space 158720K, 9% used [0x00000000c0000000,0x00000000c0efa488,0x00000000c9b00000)
 Metaspace       used 42417K, capacity 43408K, committed 43696K, reserved 1087488K
  class space    used 5987K, capacity 6303K, committed 6320K, reserved 1048576K
Event: 4.737 GC heap after
Heap after GC invocations=9 (full 2):
 PSYoungGen      total 147968K, used 13296K [0x00000000eab00000, 0x00000000f9680000, 0x0000000100000000)
  eden space 134656K, 0% used [0x00000000eab00000,0x00000000eab00000,0x00000000f2e80000)
  from space 13312K, 99% used [0x00000000f2e80000,0x00000000f3b7c2d0,0x00000000f3b80000)
  to   space 15360K, 0% used [0x00000000f8780000,0x00000000f8780000,0x00000000f9680000)
 ParOldGen       total 158720K, used 16486K [0x00000000c0000000, 0x00000000c9b00000, 0x00000000eab00000)
  object space 158720K, 10% used [0x00000000c0000000,0x00000000c1019a48,0x00000000c9b00000)
 Metaspace       used 42417K, capacity 43408K, committed 43696K, reserved 1087488K
  class space    used 5987K, capacity 6303K, committed 6320K, reserved 1048576K
}
Event: 6.237 GC heap before
{Heap before GC invocations=10 (full 2):
 PSYoungGen      total 147968K, used 147952K [0x00000000eab00000, 0x00000000f9680000, 0x0000000100000000)
  eden space 134656K, 100% used [0x00000000eab00000,0x00000000f2e80000,0x00000000f2e80000)
  from space 13312K, 99% used [0x00000000f2e80000,0x00000000f3b7c2d0,0x00000000f3b80000)
  to   space 15360K, 0% used [0x00000000f8780000,0x00000000f8780000,0x00000000f9680000)
 ParOldGen       total 158720K, used 16486K [0x00000000c0000000, 0x00000000c9b00000, 0x00000000eab00000)
  object space 158720K, 10% used [0x00000000c0000000,0x00000000c1019a48,0x00000000c9b00000)
 Metaspace       used 52173K, capacity 54182K, committed 54448K, reserved 1095680K
  class space    used 7334K, capacity 7842K, committed 7856K, reserved 1048576K
Event: 6.252 GC heap after
Heap after GC invocations=10 (full 2):
 PSYoungGen      total 220160K, used 15350K [0x00000000eab00000, 0x00000000f9b00000, 0x0000000100000000)
  eden space 204800K, 0% used [0x00000000eab00000,0x00000000eab00000,0x00000000f7300000)
  from space 15360K, 99% used [0x00000000f8780000,0x00000000f967d9d0,0x00000000f9680000)
  to   space 20480K, 0% used [0x00000000f7300000,0x00000000f7300000,0x00000000f8700000)
 ParOldGen       total 158720K, used 24636K [0x00000000c0000000, 0x00000000c9b00000, 0x00000000eab00000)
  object space 158720K, 15% used [0x00000000c0000000,0x00000000c180f1f0,0x00000000c9b00000)
 Metaspace       used 52173K, capacity 54182K, committed 54448K, reserved 1095680K
  class space    used 7334K, capacity 7842K, committed 7856K, reserved 1048576K
}

Deoptimization events (10 events):
Event: 6.837 Thread 0x0000000019653000 Uncommon trap: reason=class_check action=maybe_recompile pc=0x00000000042172b4 method=com.google.common.collect.AbstractMapBasedMultimap$WrappedCollection.refreshIfEmpty()V @ 59
Event: 6.837 Thread 0x0000000019653000 Uncommon trap: reason=class_check action=maybe_recompile pc=0x0000000003a3d5f8 method=com.google.common.collect.AbstractMapBasedMultimap$WrappedCollection.refreshIfEmpty()V @ 59
Event: 6.902 Thread 0x0000000019653000 Uncommon trap: reason=bimorphic action=maybe_recompile pc=0x0000000004309908 method=com.google.common.collect.AbstractMapBasedMultimap.put(Ljava/lang/Object;Ljava/lang/Object;)Z @ 70
Event: 6.903 Thread 0x0000000019653000 Uncommon trap: reason=bimorphic action=maybe_recompile pc=0x0000000004309908 method=com.google.common.collect.AbstractMapBasedMultimap.put(Ljava/lang/Object;Ljava/lang/Object;)Z @ 70
Event: 6.903 Thread 0x0000000019653000 Uncommon trap: reason=bimorphic action=maybe_recompile pc=0x0000000004309908 method=com.google.common.collect.AbstractMapBasedMultimap.put(Ljava/lang/Object;Ljava/lang/Object;)Z @ 70
Event: 6.903 Thread 0x0000000019653000 Uncommon trap: reason=bimorphic action=maybe_recompile pc=0x0000000004309908 method=com.google.common.collect.AbstractMapBasedMultimap.put(Ljava/lang/Object;Ljava/lang/Object;)Z @ 70
Event: 6.927 Thread 0x0000000019653000 Uncommon trap: reason=unstable_if action=reinterpret pc=0x0000000003b865cc method=org.objectweb.asm.MethodWriter.visitVarInsn(II)V @ 122
Event: 6.927 Thread 0x0000000019653000 Uncommon trap: reason=unstable_if action=reinterpret pc=0x0000000003ff33e0 method=org.objectweb.asm.Frame.initInputFrame(Lorg/objectweb/asm/ClassWriter;I[Lorg/objectweb/asm/Type;I)V @ 107
Event: 6.927 Thread 0x0000000019653000 Uncommon trap: reason=unstable_if action=reinterpret pc=0x0000000003fede94 method=org.objectweb.asm.MethodWriter.visitFrame(Lorg/objectweb/asm/Frame;)V @ 62
Event: 6.928 Thread 0x0000000019653000 Uncommon trap: reason=unstable_if action=reinterpret pc=0x00000000039fa1dc method=java.util.LinkedHashMap.afterNodeInsertion(Z)V @ 18

Classes redefined (0 events):
No events

Internal exceptions (10 events):
Event: 6.712 Thread 0x0000000019653000 Exception <a 'java/security/PrivilegedActionException'> (0x00000000eedc3ee8) thrown at [C:\re\workspace\8-2-build-windows-amd64-cygwin\jdk8u171\10807\hotspot\src\share\vm\prims\jvm.cpp, line 1435]
Event: 6.712 Thread 0x0000000019653000 Exception <a 'java/security/PrivilegedActionException'> (0x00000000eedc4a80) thrown at [C:\re\workspace\8-2-build-windows-amd64-cygwin\jdk8u171\10807\hotspot\src\share\vm\prims\jvm.cpp, line 1435]
Event: 6.715 Thread 0x0000000019653000 Exception <a 'java/lang/ClassNotFoundException': org/gradle/api/plugins/ExtraPropertiesExtensionBeanInfo> (0x00000000eedfc780) thrown at [C:\re\workspace\8-2-build-windows-amd64-cygwin\jdk8u171\10807\hotspot\src\share\vm\classfile\systemDictionary.cpp, li
Event: 6.716 Thread 0x0000000019653000 Exception <a 'java/lang/ClassNotFoundException': org/gradle/api/plugins/ExtraPropertiesExtensionCustomizer> (0x00000000eef0e578) thrown at [C:\re\workspace\8-2-build-windows-amd64-cygwin\jdk8u171\10807\hotspot\src\share\vm\classfile\systemDictionary.cpp, 
Event: 6.793 Thread 0x0000000019653000 Exception <a 'java/lang/ClassNotFoundException': org/gradle/platform/base/BinaryContainer_ImplBeanInfo> (0x00000000ef635a40) thrown at [C:\re\workspace\8-2-build-windows-amd64-cygwin\jdk8u171\10807\hotspot\src\share\vm\classfile\systemDictionary.cpp, line
Event: 6.793 Thread 0x0000000019653000 Exception <a 'java/lang/ClassNotFoundException': org/gradle/model/internal/core/NodeBackedModelMapBeanInfo> (0x00000000ef649b90) thrown at [C:\re\workspace\8-2-build-windows-amd64-cygwin\jdk8u171\10807\hotspot\src\share\vm\classfile\systemDictionary.cpp, 
Event: 6.794 Thread 0x0000000019653000 Exception <a 'java/lang/ClassNotFoundException': org/gradle/model/internal/core/ModelMapGroovyViewBeanInfo> (0x00000000ef65dce0) thrown at [C:\re\workspace\8-2-build-windows-amd64-cygwin\jdk8u171\10807\hotspot\src\share\vm\classfile\systemDictionary.cpp, 
Event: 6.794 Thread 0x0000000019653000 Exception <a 'java/lang/ClassNotFoundException': org/gradle/model/internal/core/ModelMapGroovyViewCustomizer> (0x00000000ef672af8) thrown at [C:\re\workspace\8-2-build-windows-amd64-cygwin\jdk8u171\10807\hotspot\src\share\vm\classfile\systemDictionary.cpp
Event: 6.795 Thread 0x0000000019653000 Exception <a 'java/lang/ClassNotFoundException': org/gradle/model/internal/core/NodeBackedModelMapCustomizer> (0x00000000ef69acb0) thrown at [C:\re\workspace\8-2-build-windows-amd64-cygwin\jdk8u171\10807\hotspot\src\share\vm\classfile\systemDictionary.cpp
Event: 6.796 Thread 0x0000000019653000 Exception <a 'java/lang/ClassNotFoundException': org/gradle/platform/base/BinaryContainer_ImplCustomizer> (0x00000000ef6fd330) thrown at [C:\re\workspace\8-2-build-windows-amd64-cygwin\jdk8u171\10807\hotspot\src\share\vm\classfile\systemDictionary.cpp, li

Events (10 events):
Event: 6.961 Thread 0x000000001b139000 Thread added: 0x000000001b139000
Event: 6.961 Thread 0x000000001b133000 Thread added: 0x000000001b133000
Event: 6.961 Thread 0x000000001b134000 Thread added: 0x000000001b134000
Event: 6.961 Thread 0x000000001b138800 Thread added: 0x000000001b138800
Event: 6.961 loading class org/gradle/execution/taskgraph/DefaultTaskPlanExecutor$TaskExecutorWorker$1
Event: 6.961 loading class org/gradle/execution/taskgraph/DefaultTaskPlanExecutor$TaskExecutorWorker$1 done
Event: 6.961 Executing VM operation: RevokeBias
Event: 6.961 Thread 0x000000001b134800 Thread added: 0x000000001b134800
Event: 6.962 Executing VM operation: RevokeBias done
Event: 6.962 Thread 0x000000001b137800 Thread added: 0x000000001b137800


Dynamic libraries:
0x00007ff6dde90000 - 0x00007ff6ddec7000 	C:\Program Files\Java\jdk1.8.0_171\bin\java.exe
0x00007ffa0c020000 - 0x00007ffa0c201000 	C:\WINDOWS\SYSTEM32\ntdll.dll
0x00007ffa09c10000 - 0x00007ffa09cc2000 	C:\WINDOWS\System32\KERNEL32.DLL
0x00007ffa08490000 - 0x00007ffa08703000 	C:\WINDOWS\System32\KERNELBASE.dll
0x00007ffa09a00000 - 0x00007ffa09aa1000 	C:\WINDOWS\System32\ADVAPI32.dll
0x00007ffa09630000 - 0x00007ffa096ce000 	C:\WINDOWS\System32\msvcrt.dll
0x00007ffa094b0000 - 0x00007ffa0950b000 	C:\WINDOWS\System32\sechost.dll
0x00007ffa0bec0000 - 0x00007ffa0bfe4000 	C:\WINDOWS\System32\RPCRT4.dll
0x00007ffa0bc00000 - 0x00007ffa0bd90000 	C:\WINDOWS\System32\USER32.dll
0x00007ffa09170000 - 0x00007ffa09190000 	C:\WINDOWS\System32\win32u.dll
0x00007ffa09bb0000 - 0x00007ffa09bd8000 	C:\WINDOWS\System32\GDI32.dll
0x00007ffa09190000 - 0x00007ffa09322000 	C:\WINDOWS\System32\gdi32full.dll
0x00007ffa083f0000 - 0x00007ffa0848f000 	C:\WINDOWS\System32\msvcp_win.dll
0x00007ffa08710000 - 0x00007ffa0880a000 	C:\WINDOWS\System32\ucrtbase.dll
0x00007ffa00150000 - 0x00007ffa003b9000 	C:\WINDOWS\WinSxS\amd64_microsoft.windows.common-controls_6595b64144ccf1df_6.0.17134.407_none_fb449d63306391e9\COMCTL32.dll
0x00007ffa096d0000 - 0x00007ffa099f2000 	C:\WINDOWS\System32\combase.dll
0x00007ffa09430000 - 0x00007ffa094aa000 	C:\WINDOWS\System32\bcryptPrimitives.dll
0x00007ffa09be0000 - 0x00007ffa09c0d000 	C:\WINDOWS\System32\IMM32.DLL
0x0000000065330000 - 0x0000000065402000 	C:\Program Files\Java\jdk1.8.0_171\jre\bin\msvcr100.dll
0x0000000062100000 - 0x00000000629a0000 	C:\Program Files\Java\jdk1.8.0_171\jre\bin\server\jvm.dll
0x00007ffa0bab0000 - 0x00007ffa0bab8000 	C:\WINDOWS\System32\PSAPI.DLL
0x00007ffa06630000 - 0x00007ffa06639000 	C:\WINDOWS\SYSTEM32\WSOCK32.dll
0x00007ffa03720000 - 0x00007ffa0372a000 	C:\WINDOWS\SYSTEM32\VERSION.dll
0x00007ffa065c0000 - 0x00007ffa065e3000 	C:\WINDOWS\SYSTEM32\WINMM.dll
0x00007ffa0bb90000 - 0x00007ffa0bbfc000 	C:\WINDOWS\System32\WS2_32.dll
0x00007ffa06560000 - 0x00007ffa0658a000 	C:\WINDOWS\SYSTEM32\winmmbase.dll
0x00007ffa093e0000 - 0x00007ffa09429000 	C:\WINDOWS\System32\cfgmgr32.dll
0x0000000065320000 - 0x000000006532f000 	C:\Program Files\Java\jdk1.8.0_171\jre\bin\verify.dll
0x00000000652f0000 - 0x0000000065319000 	C:\Program Files\Java\jdk1.8.0_171\jre\bin\java.dll
0x00000000652d0000 - 0x00000000652e6000 	C:\Program Files\Java\jdk1.8.0_171\jre\bin\zip.dll
0x00007ffa0a050000 - 0x00007ffa0b48f000 	C:\WINDOWS\System32\SHELL32.dll
0x00007ffa0bac0000 - 0x00007ffa0bb69000 	C:\WINDOWS\System32\shcore.dll
0x00007ffa08a60000 - 0x00007ffa0916d000 	C:\WINDOWS\System32\windows.storage.dll
0x00007ffa0ba50000 - 0x00007ffa0baa1000 	C:\WINDOWS\System32\shlwapi.dll
0x00007ffa083b0000 - 0x00007ffa083c1000 	C:\WINDOWS\System32\kernel.appcore.dll
0x00007ffa083d0000 - 0x00007ffa083ef000 	C:\WINDOWS\System32\profapi.dll
0x00007ffa08330000 - 0x00007ffa0837c000 	C:\WINDOWS\System32\powrprof.dll
0x00007ffa08380000 - 0x00007ffa0838a000 	C:\WINDOWS\System32\FLTLIB.DLL
0x00000000652b0000 - 0x00000000652ca000 	C:\Program Files\Java\jdk1.8.0_171\jre\bin\net.dll
0x00007ffa07bb0000 - 0x00007ffa07c16000 	C:\WINDOWS\system32\mswsock.dll
0x0000000065290000 - 0x00000000652a1000 	C:\Program Files\Java\jdk1.8.0_171\jre\bin\nio.dll
0x00007ffa06610000 - 0x00007ffa0662e000 	C:\Users\heogo\.gradle\native\25\windows-amd64\native-platform.dll
0x0000000065280000 - 0x000000006528d000 	C:\Program Files\Java\jdk1.8.0_171\jre\bin\management.dll
0x00007ffa07d60000 - 0x00007ffa07d77000 	C:\WINDOWS\SYSTEM32\CRYPTSP.dll
0x00007ffa07790000 - 0x00007ffa077c3000 	C:\WINDOWS\system32\rsaenh.dll
0x00007ffa07e90000 - 0x00007ffa07eb5000 	C:\WINDOWS\SYSTEM32\bcrypt.dll
0x00007ffa08260000 - 0x00007ffa08288000 	C:\WINDOWS\SYSTEM32\USERENV.dll
0x00007ffa07d80000 - 0x00007ffa07d8b000 	C:\WINDOWS\SYSTEM32\CRYPTBASE.dll
0x00007ffa07930000 - 0x00007ffa07968000 	C:\WINDOWS\SYSTEM32\IPHLPAPI.DLL
0x00007ffa0b490000 - 0x00007ffa0b498000 	C:\WINDOWS\System32\NSI.dll
0x00007ffa03310000 - 0x00007ffa03326000 	C:\WINDOWS\SYSTEM32\dhcpcsvc6.DLL
0x00007ffa032f0000 - 0x00007ffa0330a000 	C:\WINDOWS\SYSTEM32\dhcpcsvc.DLL

VM Arguments:
jvm_args: -XX:+HeapDumpOnOutOfMemoryError -Xmx1024m -Dfile.encoding=x-windows-949 -Duser.country=KR -Duser.language=ko -Duser.variant 
java_command: org.gradle.launcher.daemon.bootstrap.GradleDaemon 4.4
java_class_path (initial): C:\Users\heogo\.gradle\wrapper\dists\gradle-4.4-all\9br9xq1tocpiv8o6njlyu5op1\gradle-4.4\lib\gradle-launcher-4.4.jar
Launcher Type: SUN_STANDARD

Environment Variables:
JAVA_HOME=C:\Program Files\Java\jdk1.8.0_171
CLASSPATH=E:\SProject\project12\android\\gradle\wrapper\gradle-wrapper.jar
PATH=C:\Program Files (x86)\Common Files\Oracle\Java\javapath;C:\WINDOWS\system32;C:\WINDOWS;C:\WINDOWS\System32\Wbem;C:\WINDOWS\System32\WindowsPowerShell\v1.0\;C:\Program Files (x86)\NVIDIA Corporation\PhysX\Common;C:\Program Files\Crucial\Crucial Storage Executive;C:\WINDOWS\system32;C:\WINDOWS;C:\WINDOWS\System32\Wbem;C:\WINDOWS\System32\WindowsPowerShell\v1.0\;C:\WINDOWS\System32\OpenSSH\;C:\Program Files\Git\cmd;E:\nodejs\;e:\Microsoft VS Code\bin;C:\Users\heogo\AppData\Local\Android\Sdk\platform-tools;C:\Users\heogo\AppData\Local\Microsoft\WindowsApps;C:\Program Files\Bandizip\;C:\Program Files\Java\jdk1.8.0_171\bin;C:\Users\heogo\AppData\Roaming\npm
USERNAME=heogo
OS=Windows_NT
PROCESSOR_IDENTIFIER=Intel64 Family 6 Model 60 Stepping 3, GenuineIntel



---------------  S Y S T E M  ---------------

OS: Windows 10.0 , 64 bit Build 17134 (10.0.17134.1)

CPU:total 8 (initial active 8) (4 cores per cpu, 2 threads per core) family 6 model 60 stepping 3, cmov, cx8, fxsr, mmx, sse, sse2, sse3, ssse3, sse4.1, sse4.2, popcnt, avx, avx2, aes, clmul, erms, lzcnt, ht, tsc, tscinvbit, bmi1, bmi2

Memory: 4k page, physical 16721044k(6731004k free), swap 16721044k(5344k free)

vm_info: Java HotSpot(TM) 64-Bit Server VM (25.171-b11) for windows-amd64 JRE (1.8.0_171-b11), built on Mar 28 2018 16:06:12 by "java_re" with MS VC++ 10.0 (VS2010)

time: Mon Dec 03 21:15:17 2018
elapsed time: 6 seconds (0d 0h 0m 6s)

